connect to 8080
Connecting to mysql database
connect to 8080
Connecting to mysql database
connect to 80
Connecting to mysql database
connect to 80
Connecting to mysql database
events.js:183
      throw er; // Unhandled 'error' event
      ^

Error: Connection lost: The server closed the connection.
    at Protocol.end (/home/ubuntu/UCD-hyperloop/node_modules/mysql/lib/protocol/Protocol.js:113:13)
    at Socket.<anonymous> (/home/ubuntu/UCD-hyperloop/node_modules/mysql/lib/Connection.js:109:28)
    at emitNone (events.js:111:20)
    at Socket.emit (events.js:208:7)
    at endReadableNT (_stream_readable.js:1055:12)
    at _combinedTickCallback (internal/process/next_tick.js:138:11)
    at process._tickDomainCallback (internal/process/next_tick.js:218:9)
connect to 80
Connecting to mysql database
events.js:183
      throw er; // Unhandled 'error' event
      ^

Error: Connection lost: The server closed the connection.
    at Protocol.end (/home/ubuntu/UCD-hyperloop/node_modules/mysql/lib/protocol/Protocol.js:113:13)
    at Socket.<anonymous> (/home/ubuntu/UCD-hyperloop/node_modules/mysql/lib/Connection.js:109:28)
    at emitNone (events.js:111:20)
    at Socket.emit (events.js:208:7)
    at endReadableNT (_stream_readable.js:1055:12)
    at _combinedTickCallback (internal/process/next_tick.js:138:11)
    at process._tickDomainCallback (internal/process/next_tick.js:218:9)
connect to 80
Connecting to mysql database
